<?xml version="1.0" encoding="UTF-8"?>
<!-- Generated by org.testng.reporters.JUnitXMLReporter -->
<testsuite ignored="0" hostname="ShareefDell" failures="0" tests="6" name="Default test" time="6.142" errors="0" timestamp="30 Aug 2024 13:25:50 GMT">
  <testcase classname="testNGExamples.TestExample2" name="jiraSetUp" time="1.652"/>
  <testcase classname="testNGExamples.TestExample2" name="sendRequest2" time="2.54"/>
  <testcase classname="testNGExamples.TestExample2" name="verifyStatusCode2" time="0.007"/>
  <testcase classname="testNGExamples.TestExample2" name="verifyStatusLine2" time="0.003"/>
  <testcase classname="testNGExamples.TestExample2" name="verifyHeader2" time="0.004"/>
  <testcase classname="testNGExamples.TestExample2" name="verifyBody2" time="1.848"/>
</testsuite> <!-- Default test -->
