<?xml version="1.0" encoding="UTF-8"?>
<!-- Generated by org.testng.reporters.JUnitXMLReporter -->
<testsuite ignored="0" hostname="ShareefDell" failures="0" tests="4" name="Test" time="13.126" errors="0" timestamp="30 Aug 2024 13:56:58 GMT">
  <testcase classname="practice.Bearer_Auth_Example3" name="bearerToken2" time="7.749"/>
  <testcase classname="practice.Digest_Auth_Example2" name="digestAuth" time="1.902"/>
  <testcase classname="practice.Basic_Auth_Example1" name="basicAuth" time="2.333"/>
  <testcase classname="practice.Bearer_Auth_Example4" name="bearerToken2" time="1.028"/>
</testsuite> <!-- Test -->
