<?xml version="1.0" encoding="UTF-8"?>
<testng-results ignored="0" total="4" passed="4" failed="0" skipped="0">
  <reporter-output>
  </reporter-output>
  <suite started-at="2024-08-30T13:56:45Z" name="Suite" finished-at="2024-08-30T13:56:58Z" duration-ms="13126">
    <groups>
    </groups>
    <test started-at="2024-08-30T13:56:45Z" name="Test" finished-at="2024-08-30T13:56:58Z" duration-ms="13126">
      <class name="practice.Bearer_Auth_Example3">
        <test-method signature="bearerToken2()[pri:0, instance:practice.Bearer_Auth_Example3@25ce9dc4]" started-at="2024-08-30T13:56:45Z" name="bearerToken2" finished-at="2024-08-30T13:56:53Z" duration-ms="7749" status="PASS">
          <reporter-output>
          </reporter-output>
        </test-method> <!-- bearerToken2 -->
      </class> <!-- practice.Bearer_Auth_Example3 -->
      <class name="practice.Basic_Auth_Example1">
        <test-method signature="basicAuth()[pri:0, instance:practice.Basic_Auth_Example1@17f62e33]" started-at="2024-08-30T13:56:55Z" name="basicAuth" finished-at="2024-08-30T13:56:57Z" duration-ms="2333" status="PASS">
          <reporter-output>
          </reporter-output>
        </test-method> <!-- basicAuth -->
      </class> <!-- practice.Basic_Auth_Example1 -->
      <class name="practice.Bearer_Auth_Example4">
        <test-method signature="bearerToken2()[pri:0, instance:practice.Bearer_Auth_Example4@76b1e9b8]" started-at="2024-08-30T13:56:57Z" name="bearerToken2" finished-at="2024-08-30T13:56:58Z" duration-ms="1028" status="PASS">
          <reporter-output>
          </reporter-output>
        </test-method> <!-- bearerToken2 -->
      </class> <!-- practice.Bearer_Auth_Example4 -->
      <class name="practice.Digest_Auth_Example2">
        <test-method signature="digestAuth()[pri:0, instance:practice.Digest_Auth_Example2@74ea2410]" started-at="2024-08-30T13:56:53Z" name="digestAuth" finished-at="2024-08-30T13:56:55Z" duration-ms="1902" status="PASS">
          <reporter-output>
          </reporter-output>
        </test-method> <!-- digestAuth -->
      </class> <!-- practice.Digest_Auth_Example2 -->
    </test> <!-- Test -->
  </suite> <!-- Suite -->
</testng-results>
