<?xml version="1.0" encoding="UTF-8"?>
<testsuite xmlns:xsi="http://www.w3.org/2001/XMLSchema-instance" xsi:noNamespaceSchemaLocation="https://maven.apache.org/surefire/maven-surefire-plugin/xsd/surefire-test-report-3.0.xsd" version="3.0" name="TestSuite" time="17.372" tests="4" errors="0" skipped="0" failures="0">
  <properties>
[...]
</properties>
  <testcase name="bearerToken2" classname="practice.Bearer_Auth_Example3" time="7.76">
    <system-out><![CDATA[[TestNGContentHandler] [WARN] It is strongly recommended to add "<!DOCTYPE suite SYSTEM "http://testng.org/testng-1.0.dtd" >" at the top of your file, otherwise TestNG may fail or not work as expected.
422
HTTP/1.1 422 Unprocessable Entity
[
    {
        "field": "email",
        "message": "can't be blank"
    },
    {
        "field": "name",
        "message": "can't be blank"
    },
    {
        "field": "gender",
        "message": "can't be blank, can be male of female"
    },
    {
        "field": "status",
        "message": "can't be blank"
    }
]
]]></system-out>
  </testcase>
  <testcase name="digestAuth" classname="practice.Digest_Auth_Example2" time="1.871">
    <system-out><![CDATA[Status Code is : 200
Status Line is : HTTP/1.1 200 OK
]]></system-out>
  </testcase>
  <testcase name="basicAuth" classname="practice.Basic_Auth_Example1" time="2.596">
    <system-out><![CDATA[<html class="no-js" lang="en">
  <html>
    <head>
      <script src="/js/vendor/298279967.js"/>
      <meta charset="utf-8"/>
      <meta name="viewport" content="width=device-width"/>
      <title>The Internet</title>
      <link href="/css/app.css" rel="stylesheet"/>
      <link href="/css/font-awesome.css" rel="stylesheet"/>
      <script src="/js/vendor/jquery-1.11.3.min.js"/>
      <script src="/js/vendor/jquery-ui-1.11.4/jquery-ui.js"/>
      <script src="/js/foundation/foundation.js"/>
      <script src="/js/foundation/foundation.alerts.js"/>
      <script>
      $(document).foundation();
    </script>
    </head>
    <body>
      <div class="row">
        <div class="large-12 columns" id="flash-messages"/>
      </div>
      <div class="row">
        <a shape="rect" href="https://github.com/tourdedave/the-internet">
          <img style="position: absolute; top: 0; right: 0; border: 0;" src="/img/forkme_right_green_007200.png" alt="Fork me on GitHub"/>
        </a>
        <div class="large-12 columns" id="content">
          <div class="example">
            <h3>Basic Auth</h3>
            <p>
    Congratulations! You must have the proper credentials.
  </p>
          </div>
        </div>
      </div>
      <div class="row" id="page-footer">
        <div class="large-4 large-centered columns">
          <hr/>
          <div style="text-align: center;">
Powered by             <a shape="rect" target="_blank" href="http://elementalselenium.com/">Elemental Selenium</a>
          </div>
        </div>
      </div>
    </body>
  </html>
</html>

==============================================

<html class="no-js" lang="en">
  <html>
    <head>
      <script src="/js/vendor/298279967.js"/>
      <meta charset="utf-8"/>
      <meta name="viewport" content="width=device-width"/>
      <title>The Internet</title>
      <link href="/css/app.css" rel="stylesheet"/>
      <link href="/css/font-awesome.css" rel="stylesheet"/>
      <script src="/js/vendor/jquery-1.11.3.min.js"/>
      <script src="/js/vendor/jquery-ui-1.11.4/jquery-ui.js"/>
      <script src="/js/foundation/foundation.js"/>
      <script src="/js/foundation/foundation.alerts.js"/>
      <script>
      $(document).foundation();
    </script>
    </head>
    <body>
      <div class="row">
        <div class="large-12 columns" id="flash-messages"/>
      </div>
      <div class="row">
        <a shape="rect" href="https://github.com/tourdedave/the-internet">
          <img style="position: absolute; top: 0; right: 0; border: 0;" src="/img/forkme_right_green_007200.png" alt="Fork me on GitHub"/>
        </a>
        <div class="large-12 columns" id="content">
          <div class="example">
            <h3>Basic Auth</h3>
            <p>
    Congratulations! You must have the proper credentials.
  </p>
          </div>
        </div>
      </div>
      <div class="row" id="page-footer">
        <div class="large-4 large-centered columns">
          <hr/>
          <div style="text-align: center;">
Powered by             <a shape="rect" target="_blank" href="http://elementalselenium.com/">Elemental Selenium</a>
          </div>
        </div>
      </div>
    </body>
  </html>
</html>
<html class="no-js" lang="en">
  <html>
    <head>
      <script src="/js/vendor/298279967.js"/>
      <meta charset="utf-8"/>
      <meta name="viewport" content="width=device-width"/>
      <title>The Internet</title>
      <link href="/css/app.css" rel="stylesheet"/>
      <link href="/css/font-awesome.css" rel="stylesheet"/>
      <script src="/js/vendor/jquery-1.11.3.min.js"/>
      <script src="/js/vendor/jquery-ui-1.11.4/jquery-ui.js"/>
      <script src="/js/foundation/foundation.js"/>
      <script src="/js/foundation/foundation.alerts.js"/>
      <script>
      $(document).foundation();
    </script>
    </head>
    <body>
      <div class="row">
        <div class="large-12 columns" id="flash-messages"/>
      </div>
      <div class="row">
        <a shape="rect" href="https://github.com/tourdedave/the-internet">
          <img style="position: absolute; top: 0; right: 0; border: 0;" src="/img/forkme_right_green_007200.png" alt="Fork me on GitHub"/>
        </a>
        <div class="large-12 columns" id="content">
          <div class="example">
            <h3>Basic Auth</h3>
            <p>
    Congratulations! You must have the proper credentials.
  </p>
          </div>
        </div>
      </div>
      <div class="row" id="page-footer">
        <div class="large-4 large-centered columns">
          <hr/>
          <div style="text-align: center;">
Powered by             <a shape="rect" target="_blank" href="http://elementalselenium.com/">Elemental Selenium</a>
          </div>
        </div>
      </div>
    </body>
  </html>
</html>
200
]]></system-out>
  </testcase>
  <testcase name="bearerToken2" classname="practice.Bearer_Auth_Example4" time="0.756">
    <system-out><![CDATA[422
HTTP/1.1 422 Unprocessable Entity
[
    {
        "field": "email",
        "message": "has already been taken"
    }
]
]]></system-out>
  </testcase>
</testsuite>