<?xml version="1.0" encoding="UTF-8"?>
<testng-results ignored="0" total="4" passed="4" failed="0" skipped="0">
  <reporter-output>
  </reporter-output>
  <suite started-at="2024-08-30T13:51:32Z" name="Suite" finished-at="2024-08-30T13:51:44Z" duration-ms="12051">
    <groups>
    </groups>
    <test started-at="2024-08-30T13:51:32Z" name="Test" finished-at="2024-08-30T13:51:44Z" duration-ms="12051">
      <class name="practice.Bearer_Auth_Example3">
        <test-method signature="bearerToken2()[pri:0, instance:practice.Bearer_Auth_Example3@338c99c8]" started-at="2024-08-30T13:51:32Z" name="bearerToken2" finished-at="2024-08-30T13:51:39Z" duration-ms="6623" status="PASS">
          <reporter-output>
          </reporter-output>
        </test-method> <!-- bearerToken2 -->
      </class> <!-- practice.Bearer_Auth_Example3 -->
      <class name="practice.Basic_Auth_Example1">
        <test-method signature="basicAuth()[pri:0, instance:practice.Basic_Auth_Example1@58ce9668]" started-at="2024-08-30T13:51:40Z" name="basicAuth" finished-at="2024-08-30T13:51:43Z" duration-ms="2868" status="PASS">
          <reporter-output>
          </reporter-output>
        </test-method> <!-- basicAuth -->
      </class> <!-- practice.Basic_Auth_Example1 -->
      <class name="practice.Bearer_Auth_Example4">
        <test-method signature="bearerToken2()[pri:0, instance:practice.Bearer_Auth_Example4@172b013]" started-at="2024-08-30T13:51:43Z" name="bearerToken2" finished-at="2024-08-30T13:51:44Z" duration-ms="836" status="PASS">
          <reporter-output>
          </reporter-output>
        </test-method> <!-- bearerToken2 -->
      </class> <!-- practice.Bearer_Auth_Example4 -->
      <class name="practice.Digest_Auth_Example2">
        <test-method signature="digestAuth()[pri:0, instance:practice.Digest_Auth_Example2@21ba0741]" started-at="2024-08-30T13:51:39Z" name="digestAuth" finished-at="2024-08-30T13:51:40Z" duration-ms="1599" status="PASS">
          <reporter-output>
          </reporter-output>
        </test-method> <!-- digestAuth -->
      </class> <!-- practice.Digest_Auth_Example2 -->
    </test> <!-- Test -->
  </suite> <!-- Suite -->
</testng-results>
